# JRE version: OpenJDK Runtime Environment Temurin-21.0.10+7 (21.0.10+7) (build 21.0.10+7-LTS)
# Java VM: OpenJDK 64-Bit Server VM Temurin-21.0.10+7 (21.0.10+7-LTS, mixed mode, sharing, tiered, compressed oops, compressed class ptrs, g1 gc, windows-amd64)
GC Precious Log:
 CardTable entry size: 512
 Card Set container configuration: InlinePtr #cards 5 size 8 Array Of Cards #cards 12 size 40 Howl #buckets 4 coarsen threshold 1843 Howl Bitmap #cards 512 size 80 coarsen threshold 460 Card regions per heap region 1 cards per card region 2048
 CPUs: 8 total, 8 available
 Memory: 7998M
 Large Page Support: Disabled
 NUMA Support: Disabled
 Compressed Oops: Enabled (32-bit)
 Heap Region Size: 1M
 Heap Min Capacity: 8M
 Heap Initial Capacity: 126M
 Heap Max Capacity: 2000M
 Pre-touch: Disabled
 Parallel Workers: 8
 Concurrent Workers: 2
 Concurrent Refinement Workers: 8
 Periodic GC: Disabled
Heap:
 garbage-first heap   total 70656K, used 55817K [0x0000000083000000, 0x0000000100000000)
  region size 1024K, 17 young (17408K), 3 survivors (3072K)
 Metaspace       used 88065K, committed 89024K, reserved 1179648K
  class space    used 12084K, committed 12544K, reserved 1048576K
GC Heap History (20 events):
Event: 9.875 GC heap before
{Heap before GC invocations=14 (full 0):
 garbage-first heap   total 55296K, used 47773K [0x0000000083000000, 0x0000000100000000)
  region size 1024K, 20 young (20480K), 2 survivors (2048K)
 Metaspace       used 47565K, committed 48256K, reserved 1114112K
  class space    used 6350K, committed 6656K, reserved 1048576K
}
Event: 9.880 GC heap after
{Heap after GC invocations=15 (full 0):
 garbage-first heap   total 55296K, used 30740K [0x0000000083000000, 0x0000000100000000)
  region size 1024K, 3 young (3072K), 3 survivors (3072K)
 Metaspace       used 47565K, committed 48256K, reserved 1114112K
  class space    used 6350K, committed 6656K, reserved 1048576K
}
Event: 10.410 GC heap before
{Heap before GC invocations=15 (full 0):
 garbage-first heap   total 55296K, used 48148K [0x0000000083000000, 0x0000000100000000)
  region size 1024K, 21 young (21504K), 3 survivors (3072K)
 Metaspace       used 48900K, committed 49536K, reserved 1114112K
  class space    used 6594K, committed 6848K, reserved 1048576K
}
Event: 10.416 GC heap after
{Heap after GC invocations=16 (full 0):
 garbage-first heap   total 55296K, used 31278K [0x0000000083000000, 0x0000000100000000)
  region size 1024K, 3 young (3072K), 3 survivors (3072K)
 Metaspace       used 48900K, committed 49536K, reserved 1114112K
  class space    used 6594K, committed 6848K, reserved 1048576K
}
Event: 11.549 GC heap before
{Heap before GC invocations=16 (full 0):
 garbage-first heap   total 55296K, used 48686K [0x0000000083000000, 0x0000000100000000)
  region size 1024K, 20 young (20480K), 3 survivors (3072K)
 Metaspace       used 53914K, committed 54656K, reserved 1114112K
  class space    used 7300K, committed 7616K, reserved 1048576K
}
Event: 11.554 GC heap after
{Heap after GC invocations=17 (full 0):
 garbage-first heap   total 66560K, used 32719K [0x0000000083000000, 0x0000000100000000)
  region size 1024K, 3 young (3072K), 3 survivors (3072K)
 Metaspace       used 53914K, committed 54656K, reserved 1114112K
  class space    used 7300K, committed 7616K, reserved 1048576K
}
Event: 13.128 GC heap before
{Heap before GC invocations=18 (full 0):
 garbage-first heap   total 66560K, used 58319K [0x0000000083000000, 0x0000000100000000)
  region size 1024K, 29 young (29696K), 3 survivors (3072K)
 Metaspace       used 64399K, committed 65152K, reserved 1114112K
  class space    used 8553K, committed 8896K, reserved 1048576K
}
Event: 13.133 GC heap after
{Heap after GC invocations=19 (full 0):
 garbage-first heap   total 66560K, used 35122K [0x0000000083000000, 0x0000000100000000)
  region size 1024K, 4 young (4096K), 4 survivors (4096K)
 Metaspace       used 64399K, committed 65152K, reserved 1114112K
  class space    used 8553K, committed 8896K, reserved 1048576K
}
Event: 14.116 GC heap before
{Heap before GC invocations=19 (full 0):
 garbage-first heap   total 66560K, used 58674K [0x0000000083000000, 0x0000000100000000)
  region size 1024K, 28 young (28672K), 4 survivors (4096K)
 Metaspace       used 67394K, committed 68160K, reserved 1114112K
  class space    used 8945K, committed 9280K, reserved 1048576K
}
Event: 14.122 GC heap after
{Heap after GC invocations=20 (full 0):
 garbage-first heap   total 66560K, used 35873K [0x0000000083000000, 0x0000000100000000)
  region size 1024K, 1 young (1024K), 1 survivors (1024K)
 Metaspace       used 67394K, committed 68160K, reserved 1114112K
  class space    used 8945K, committed 9280K, reserved 1048576K
}
Event: 15.099 GC heap before
{Heap before GC invocations=20 (full 0):
 garbage-first heap   total 66560K, used 60449K [0x0000000083000000, 0x0000000100000000)
  region size 1024K, 25 young (25600K), 1 survivors (1024K)
 Metaspace       used 74520K, committed 75264K, reserved 1114112K
  class space    used 10078K, committed 10432K, reserved 1048576K
}
Event: 15.102 GC heap after
{Heap after GC invocations=21 (full 0):
 garbage-first heap   total 66560K, used 36476K [0x0000000083000000, 0x0000000100000000)
  region size 1024K, 2 young (2048K), 2 survivors (2048K)
 Metaspace       used 74520K, committed 75264K, reserved 1114112K
  class space    used 10078K, committed 10432K, reserved 1048576K
}
Event: 16.224 GC heap before
{Heap before GC invocations=22 (full 0):
 garbage-first heap   total 66560K, used 59004K [0x0000000083000000, 0x0000000100000000)
  region size 1024K, 25 young (25600K), 2 survivors (2048K)
 Metaspace       used 78959K, committed 79744K, reserved 1179648K
  class space    used 10792K, committed 11136K, reserved 1048576K
}
Event: 16.230 GC heap after
{Heap after GC invocations=23 (full 0):
 garbage-first heap   total 66560K, used 38767K [0x0000000083000000, 0x0000000100000000)
  region size 1024K, 4 young (4096K), 4 survivors (4096K)
 Metaspace       used 78959K, committed 79744K, reserved 1179648K
  class space    used 10792K, committed 11136K, reserved 1048576K
}
Event: 16.861 GC heap before
{Heap before GC invocations=23 (full 0):
 garbage-first heap   total 66560K, used 60271K [0x0000000083000000, 0x0000000100000000)
  region size 1024K, 25 young (25600K), 4 survivors (4096K)
 Metaspace       used 80968K, committed 81728K, reserved 1179648K
  class space    used 11014K, committed 11328K, reserved 1048576K
}
Event: 16.868 GC heap after
{Heap after GC invocations=24 (full 0):
 garbage-first heap   total 67584K, used 40126K [0x0000000083000000, 0x0000000100000000)
  region size 1024K, 2 young (2048K), 2 survivors (2048K)
 Metaspace       used 80968K, committed 81728K, reserved 1179648K
  class space    used 11014K, committed 11328K, reserved 1048576K
}
Event: 18.350 GC heap before
{Heap before GC invocations=24 (full 0):
 garbage-first heap   total 67584K, used 61630K [0x0000000083000000, 0x0000000100000000)
  region size 1024K, 23 young (23552K), 2 survivors (2048K)
 Metaspace       used 84195K, committed 85120K, reserved 1179648K
  class space    used 11456K, committed 11904K, reserved 1048576K
}
Event: 18.356 GC heap after
{Heap after GC invocations=25 (full 0):
 garbage-first heap   total 67584K, used 41656K [0x0000000083000000, 0x0000000100000000)
  region size 1024K, 3 young (3072K), 3 survivors (3072K)
 Metaspace       used 84195K, committed 85120K, reserved 1179648K
  class space    used 11456K, committed 11904K, reserved 1048576K
}
Event: 19.910 GC heap before
{Heap before GC invocations=26 (full 0):
 garbage-first heap   total 70656K, used 62136K [0x0000000083000000, 0x0000000100000000)
  region size 1024K, 23 young (23552K), 3 survivors (3072K)
 Metaspace       used 86462K, committed 87424K, reserved 1179648K
  class space    used 11849K, committed 12288K, reserved 1048576K
}
Event: 19.920 GC heap after
{Heap after GC invocations=27 (full 0):
 garbage-first heap   total 70656K, used 43529K [0x0000000083000000, 0x0000000100000000)
  region size 1024K, 3 young (3072K), 3 survivors (3072K)
 Metaspace       used 86462K, committed 87424K, reserved 1179648K
  class space    used 11849K, committed 12288K, reserved 1048576K
}

